Texture Groups complete! Took 12 ms
Audio Groups complete! Took 0 ms
Dumping Scripts...
Dumping Objects...
Dumping Sounds...
Dumping Rooms...
Dumping Sprites...
Dumping Fonts...
Dumping Shaders...
Dumping Extensions...
Dumping Paths...
Dumping Animation Curves...
Dumping Tilesets...
Dumping Sequences...
Dumping Timelines...
Paths complete! Took 4871 ms
Animation Curves complete! Took 4874 ms
Shaders complete! Took 5341 ms
Timelines complete! Took 5335 ms
Sequences complete! Took 5355 ms
Fonts complete! Took 6160 ms
Scripts complete! Took 6791 ms
Tilesets complete! Took 15623 ms
Sounds complete! Took 35654 ms
Objects complete! Took 44181 ms
Rooms complete! Took 50116 ms
Sprites complete! Took 68861 ms
All Textures complete! Took 343883 ms
Created GlobalInit Script.
